DEBUG:watchman.conf:Try creating config file: /Users/karthik/watchman.yml
INFO:watchman.init:Config written in /Users/karthik/watchman.yml
DEBUG:watchman.conf:Try loading config file: /Users/karthik/watchman.yml
DEBUG:watchman.conf:Try loading config file: /Users/karthik/watchman.yml
DEBUG:watchman.conf:Try loading config file: /Users/karthik/watchman.yml
INFO:watchman.init:Config written in /Users/karthik/watchman.yml
DEBUG:watchman.conf:Try loading config file: /Users/karthik/watchman.yml
INFO:watchman.init:Config written in /Users/karthik/watchman.yml
DEBUG:watchman.conf:Try loading config file: /Users/karthik/watchman.yml
INFO:watchman.init:Config written in /Users/karthik/watchman.yml
DEBUG:watchman.conf:Try loading config file: /Users/karthik/watchman.yml
DEBUG:watchman.conf:Try loading config file: /Users/karthik/watchman.yml
DEBUG:watchman.conf:Try loading config file: /Users/karthik/watchman.yml
DEBUG:watchman.conf:Try loading config file: /Users/karthik/watchman.yml
DEBUG:watchman.conf:Try loading config file: /Users/karthik/watchman.yml
DEBUG:watchman.conf:Try loading config file: /Users/karthik/watchman.yml
DEBUG:watchman.conf:Try loading config file: /Users/karthik/watchman.yml
DEBUG:watchman.conf:Try loading config file: /Users/karthik/watchman.yml
DEBUG:watchman.conf:Try loading config file: /Users/karthik/watchman.yml
DEBUG:watchman.conf:Try loading config file: /Users/karthik/watchman.yml
DEBUG:watchman.conf:Try loading config file: /Users/karthik/watchman.yml
DEBUG:watchman.conf:Try loading config file: /Users/karthik/watchman.yml
INFO:watchman.init:Config written in /Users/karthik/watchman.yml
DEBUG:watchman.conf:Try loading config file: /Users/karthik/watchman.yml
DEBUG:watchman.conf:Try loading config file: /Users/karthik/watchman.yml
INFO:requests.packages.urllib3.connectionpool:Starting new HTTP connection (1): localhost
DEBUG:watchman.conf:Try loading config file: /Users/karthik/watchman.yml
DEBUG:watchman.conf:Try loading config file: /Users/karthik/watchman.yml
DEBUG:watchman.conf:Try loading config file: /Users/karthik/watchman.yml
DEBUG:watchman.conf:Try loading config file: /Users/karthik/watchman.yml
INFO:watchman.init:Config written in /Users/karthik/watchman.yml
DEBUG:watchman.conf:Try loading config file: /Users/karthik/watchman.yml
DEBUG:watchman.conf:Try loading config file: /Users/karthik/watchman.yml
DEBUG:watchman.conf:Try loading config file: /Users/karthik/watchman.yml
INFO:watchman.init:Config written in /Users/karthik/watchman.yml
DEBUG:watchman.conf:Try loading config file: /Users/karthik/watchman.yml
DEBUG:watchman.conf:Try loading config file: /Users/karthik/watchman.yml
DEBUG:watchman.conf:Try loading config file: /Users/minions/watchman.yml
DEBUG:watchman.conf:Try creating config file: /Users/minions/watchman.yml
DEBUG:watchman.conf:Try loading config file: /Users/minions/watchman.yml
DEBUG:watchman.conf:Try loading config file: /Users/minions/watchman.yml
DEBUG:watchman.conf:Try loading config file: /Users/minions/watchman.yml
INFO:watchman.conf:Updated config in /Users/minions/watchman.yml
DEBUG:watchman.conf:Try loading config file: /Users/minions/watchman.yml
